diamond v2.0.14.152 (C) Max Planck Society for the Advancement of Science
Documentation, support and updates available at http://www.diamondsearch.org
Please cite: http://dx.doi.org/10.1038/s41592-021-01101-x Nature Methods (2021)

#CPU threads: 6
Scoring parameters: (Matrix=BLOSUM62 Lambda=0.267 K=0.041 Penalties=11/1)
Temporary directory: /home/naveen/Documents/web/hpinetbackend/src/phylo/host
#Target sequences to report alignments for: 1
Opening the database...  [0.01s]
Database: src/phylo/dbs/phyloModelSC/Zostera_marina.dmnd (type: Diamond database, sequences: 20358, letters: 7946007)
Block size = 2000000000
Opening the input file...  [0s]
Opening the output file...  [0s]
Loading query sequences...  [0s]
Masking queries...  [0.002s]
Algorithm: Double-indexed
Building query histograms...  [0s]
Allocating buffers...  [0s]
Loading reference sequences...  [0.012s]
Masking reference...  [0.087s]
Initializing temporary storage...  [0.001s]
Building reference histograms...  [0.066s]
Allocating buffers...  [0s]
Processing query block 1, reference block 1/1, shape 1/2, index chunk 1/4.
Building reference seed array...  [0.045s]
Building query seed array...  [0.001s]
Computing hash join...  [0.001s]
Masking low complexity seeds...  [0s]
Searching alignments...  [0.001s]
Processing query block 1, reference block 1/1, shape 1/2, index chunk 2/4.
Building reference seed array...  [0.078s]
Building query seed array...  [0.002s]
Computing hash join...  [0.001s]
Masking low complexity seeds...  [0s]
Searching alignments...  [0.001s]
Processing query block 1, reference block 1/1, shape 1/2, index chunk 3/4.
Building reference seed array...  [0.049s]
Building query seed array...  [0s]
Computing hash join...  [0.001s]
Masking low complexity seeds...  [0s]
Searching alignments...  [0s]
Processing query block 1, reference block 1/1, shape 1/2, index chunk 4/4.
Building reference seed array...  [0.043s]
Building query seed array...  [0s]
Computing hash join...  [0.001s]
Masking low complexity seeds...  [0s]
Searching alignments...  [0s]
Processing query block 1, reference block 1/1, shape 2/2, index chunk 1/4.
Building reference seed array...  [0.043s]
Building query seed array...  [0s]
Computing hash join...  [0.001s]
Masking low complexity seeds...  [0s]
Searching alignments...  [0s]
Processing query block 1, reference block 1/1, shape 2/2, index chunk 2/4.
Building reference seed array...  [0.047s]
Building query seed array...  [0s]
Computing hash join...  [0.001s]
Masking low complexity seeds...  [0s]
Searching alignments...  [0s]
Processing query block 1, reference block 1/1, shape 2/2, index chunk 3/4.
Building reference seed array...  [0.048s]
Building query seed array...  [0s]
Computing hash join...  [0.001s]
Masking low complexity seeds...  [0s]
Searching alignments...  [0s]
Processing query block 1, reference block 1/1, shape 2/2, index chunk 4/4.
Building reference seed array...  [0.044s]
Building query seed array...  [0s]
Computing hash join...  [0.001s]
Masking low complexity seeds...  [0s]
Searching alignments...  [0.001s]
Deallocating buffers...  [0.001s]
Clearing query masking...  [0s]
Computing alignments...  [0.005s]
Deallocating reference...  [0s]
Loading reference sequences...  [0s]
Deallocating buffers...  [0s]
Deallocating queries...  [0s]
Loading query sequences...  [0s]
Closing the input file...  [0s]
Closing the output file...  [0s]
Cleaning up...  [0s]
Total time = 0.691s
Reported 11 pairwise alignments, 11 HSPs.
11 queries aligned.
